0 info it worked if it ends with ok
1 verbose cli [ '/usr/bin/node', '/usr/bin/npm', 'uninstall', '-g', 'bower' ]
2 info using npm@1.4.28
3 info using node@v0.10.37
4 verbose node symlink /usr/bin/node
5 verbose lib/node_modules/bower unbuild
6 info preuninstall bower@1.4.1
7 info uninstall bower@1.4.1
8 verbose true,/usr/lib/node_modules,/usr/lib/node_modules unbuild bower@1.4.1
9 verbose /usr/bin,[object Object] binRoot
10 error Error: EACCES, unlink '/usr/bin/bower'
10 error  { [Error: EACCES, unlink '/usr/bin/bower'] errno: 3, code: 'EACCES', path: '/usr/bin/bower' }
11 error Please try running this command again as root/Administrator.
12 error System Linux 3.13.0-49-generic
13 error command "/usr/bin/node" "/usr/bin/npm" "uninstall" "-g" "bower"
14 error cwd /home/techanipr/employee/employees
15 error node -v v0.10.37
16 error npm -v 1.4.28
17 error path /usr/bin/bower
18 error code EACCES
19 error errno 3
20 error stack Error: EACCES, unlink '/usr/bin/bower'
21 verbose exit [ 3, true ]
